# JRE version: Java(TM) SE Runtime Environment (7.0_60-b19) (build 1.7.0_60-b19)
# Java VM: Java HotSpot(TM) 64-Bit Server VM (24.60-b09 mixed mode windows-amd64 compressed oops)
Heap
 PSYoungGen      total 249344K, used 165564K [0x00000000eaa80000, 0x0000000100000000, 0x0000000100000000)
  eden space 148992K, 43% used [0x00000000eaa80000,0x00000000eea2fb58,0x00000000f3c00000)
  from space 100352K, 99% used [0x00000000f3c00000,0x00000000f9dff810,0x00000000f9e00000)
  to   space 100352K, 0% used [0x00000000f9e00000,0x00000000f9e00000,0x0000000100000000)
 ParOldGen       total 171520K, used 81913K [0x00000000c0000000, 0x00000000ca780000, 0x00000000eaa80000)
  object space 171520K, 47% used [0x00000000c0000000,0x00000000c4ffe678,0x00000000ca780000)
 PSPermGen       total 21504K, used 5594K [0x00000000bae00000, 0x00000000bc300000, 0x00000000c0000000)
  object space 21504K, 26% used [0x00000000bae00000,0x00000000bb376bb8,0x00000000bc300000)
GC Heap History (10 events):
Event: 12.717 GC heap before
{Heap before GC invocations=7 (full 2):
 PSYoungGen      total 140288K, used 5089K [0x00000000eaa80000, 0x00000000fd400000, 0x0000000100000000)
  eden space 135168K, 0% used [0x00000000eaa80000,0x00000000eaa80000,0x00000000f2e80000)
  from space 5120K, 99% used [0x00000000f2e80000,0x00000000f33787c8,0x00000000f3380000)
  to   space 60416K, 0% used [0x00000000f9900000,0x00000000f9900000,0x00000000fd400000)
 ParOldGen       total 149504K, used 128361K [0x00000000c0000000, 0x00000000c9200000, 0x00000000eaa80000)
  object space 149504K, 85% used [0x00000000c0000000,0x00000000c7d5a5f0,0x00000000c9200000)
 PSPermGen       total 21504K, used 5573K [0x00000000bae00000, 0x00000000bc300000, 0x00000000c0000000)
  object space 21504K, 25% used [0x00000000bae00000,0x00000000bb371528,0x00000000bc300000)
Event: 13.676 GC heap after
Heap after GC invocations=7 (full 2):
 PSYoungGen      total 140288K, used 0K [0x00000000eaa80000, 0x00000000fd400000, 0x0000000100000000)
  eden space 135168K, 0% used [0x00000000eaa80000,0x00000000eaa80000,0x00000000f2e80000)
  from space 5120K, 0% used [0x00000000f2e80000,0x00000000f2e80000,0x00000000f3380000)
  to   space 60416K, 0% used [0x00000000f9900000,0x00000000f9900000,0x00000000fd400000)
 ParOldGen       total 171520K, used 51791K [0x00000000c0000000, 0x00000000ca780000, 0x00000000eaa80000)
  object space 171520K, 30% used [0x00000000c0000000,0x00000000c3293e58,0x00000000ca780000)
 PSPermGen       total 21504K, used 5572K [0x00000000bae00000, 0x00000000bc300000, 0x00000000c0000000)
  object space 21504K, 25% used [0x00000000bae00000,0x00000000bb371268,0x00000000bc300000)
}
Event: 14.148 GC heap before
{Heap before GC invocations=8 (full 2):
 PSYoungGen      total 140288K, used 135168K [0x00000000eaa80000, 0x00000000fd400000, 0x0000000100000000)
  eden space 135168K, 100% used [0x00000000eaa80000,0x00000000f2e80000,0x00000000f2e80000)
  from space 5120K, 0% used [0x00000000f2e80000,0x00000000f2e80000,0x00000000f3380000)
  to   space 60416K, 0% used [0x00000000f9900000,0x00000000f9900000,0x00000000fd400000)
 ParOldGen       total 171520K, used 51791K [0x00000000c0000000, 0x00000000ca780000, 0x00000000eaa80000)
  object space 171520K, 30% used [0x00000000c0000000,0x00000000c3293e58,0x00000000ca780000)
 PSPermGen       total 21504K, used 5576K [0x00000000bae00000, 0x00000000bc300000, 0x00000000c0000000)
  object space 21504K, 25% used [0x00000000bae00000,0x00000000bb3721a8,0x00000000bc300000)
Event: 14.318 GC heap after
Heap after GC invocations=8 (full 2):
 PSYoungGen      total 235008K, used 55635K [0x00000000eaa80000, 0x00000000ff800000, 0x0000000100000000)
  eden space 174592K, 0% used [0x00000000eaa80000,0x00000000eaa80000,0x00000000f5500000)
  from space 60416K, 92% used [0x00000000f9900000,0x00000000fcf54e70,0x00000000fd400000)
  to   space 69632K, 0% used [0x00000000f5500000,0x00000000f5500000,0x00000000f9900000)
 ParOldGen       total 171520K, used 51791K [0x00000000c0000000, 0x00000000ca780000, 0x00000000eaa80000)
  object space 171520K, 30% used [0x00000000c0000000,0x00000000c3293e58,0x00000000ca780000)
 PSPermGen       total 21504K, used 5576K [0x00000000bae00000, 0x00000000bc300000, 0x00000000c0000000)
  object space 21504K, 25% used [0x00000000bae00000,0x00000000bb3721a8,0x00000000bc300000)
}
Event: 15.727 GC heap before
{Heap before GC invocations=9 (full 2):
 PSYoungGen      total 235008K, used 230227K [0x00000000eaa80000, 0x00000000ff800000, 0x0000000100000000)
  eden space 174592K, 100% used [0x00000000eaa80000,0x00000000f5500000,0x00000000f5500000)
  from space 60416K, 92% used [0x00000000f9900000,0x00000000fcf54e70,0x00000000fd400000)
  to   space 69632K, 0% used [0x00000000f5500000,0x00000000f5500000,0x00000000f9900000)
 ParOldGen       total 171520K, used 51791K [0x00000000c0000000, 0x00000000ca780000, 0x00000000eaa80000)
  object space 171520K, 30% used [0x00000000c0000000,0x00000000c3293e58,0x00000000ca780000)
 PSPermGen       total 21504K, used 5585K [0x00000000bae00000, 0x00000000bc300000, 0x00000000c0000000)
  object space 21504K, 25% used [0x00000000bae00000,0x00000000bb374538,0x00000000bc300000)
Event: 16.008 GC heap after
Heap after GC invocations=9 (full 2):
 PSYoungGen      total 244224K, used 69620K [0x00000000eaa80000, 0x0000000100000000, 0x0000000100000000)
  eden space 174592K, 0% used [0x00000000eaa80000,0x00000000eaa80000,0x00000000f5500000)
  from space 69632K, 99% used [0x00000000f5500000,0x00000000f98fd028,0x00000000f9900000)
  to   space 86016K, 0% used [0x00000000fac00000,0x00000000fac00000,0x0000000100000000)
 ParOldGen       total 171520K, used 59724K [0x00000000c0000000, 0x00000000ca780000, 0x00000000eaa80000)
  object space 171520K, 34% used [0x00000000c0000000,0x00000000c3a533f0,0x00000000ca780000)
 PSPermGen       total 21504K, used 5585K [0x00000000bae00000, 0x00000000bc300000, 0x00000000c0000000)
  object space 21504K, 25% used [0x00000000bae00000,0x00000000bb374538,0x00000000bc300000)
}
Event: 17.004 GC heap before
{Heap before GC invocations=10 (full 2):
 PSYoungGen      total 244224K, used 244212K [0x00000000eaa80000, 0x0000000100000000, 0x0000000100000000)
  eden space 174592K, 100% used [0x00000000eaa80000,0x00000000f5500000,0x00000000f5500000)
  from space 69632K, 99% used [0x00000000f5500000,0x00000000f98fd028,0x00000000f9900000)
  to   space 86016K, 0% used [0x00000000fac00000,0x00000000fac00000,0x0000000100000000)
 ParOldGen       total 171520K, used 59724K [0x00000000c0000000, 0x00000000ca780000, 0x00000000eaa80000)
  object space 171520K, 34% used [0x00000000c0000000,0x00000000c3a533f0,0x00000000ca780000)
 PSPermGen       total 21504K, used 5591K [0x00000000bae00000, 0x00000000bc300000, 0x00000000c0000000)
  object space 21504K, 26% used [0x00000000bae00000,0x00000000bb375d10,0x00000000bc300000)
Event: 17.603 GC heap after
Heap after GC invocations=10 (full 2):
 PSYoungGen      total 235008K, used 85956K [0x00000000eaa80000, 0x0000000100000000, 0x0000000100000000)
  eden space 148992K, 0% used [0x00000000eaa80000,0x00000000eaa80000,0x00000000f3c00000)
  from space 86016K, 99% used [0x00000000fac00000,0x00000000ffff10b8,0x0000000100000000)
  to   space 100352K, 0% used [0x00000000f3c00000,0x00000000f3c00000,0x00000000f9e00000)
 ParOldGen       total 171520K, used 59724K [0x00000000c0000000, 0x00000000ca780000, 0x00000000eaa80000)
  object space 171520K, 34% used [0x00000000c0000000,0x00000000c3a533f0,0x00000000ca780000)
 PSPermGen       total 21504K, used 5591K [0x00000000bae00000, 0x00000000bc300000, 0x00000000c0000000)
  object space 21504K, 26% used [0x00000000bae00000,0x00000000bb375d10,0x00000000bc300000)
}
Event: 18.994 GC heap before
{Heap before GC invocations=11 (full 2):
 PSYoungGen      total 235008K, used 234948K [0x00000000eaa80000, 0x0000000100000000, 0x0000000100000000)
  eden space 148992K, 100% used [0x00000000eaa80000,0x00000000f3c00000,0x00000000f3c00000)
  from space 86016K, 99% used [0x00000000fac00000,0x00000000ffff10b8,0x0000000100000000)
  to   space 100352K, 0% used [0x00000000f3c00000,0x00000000f3c00000,0x00000000f9e00000)
 ParOldGen       total 171520K, used 59724K [0x00000000c0000000, 0x00000000ca780000, 0x00000000eaa80000)
  object space 171520K, 34% used [0x00000000c0000000,0x00000000c3a533f0,0x00000000ca780000)
 PSPermGen       total 21504K, used 5591K [0x00000000bae00000, 0x00000000bc300000, 0x00000000c0000000)
  object space 21504K, 26% used [0x00000000bae00000,0x00000000bb375f90,0x00000000bc300000)
Event: 19.769 GC heap after
Heap after GC invocations=11 (full 2):
 PSYoungGen      total 249344K, used 100350K [0x00000000eaa80000, 0x0000000100000000, 0x0000000100000000)
  eden space 148992K, 0% used [0x00000000eaa80000,0x00000000eaa80000,0x00000000f3c00000)
  from space 100352K, 99% used [0x00000000f3c00000,0x00000000f9dff810,0x00000000f9e00000)
  to   space 100352K, 0% used [0x00000000f9e00000,0x00000000f9e00000,0x0000000100000000)
 ParOldGen       total 171520K, used 81913K [0x00000000c0000000, 0x00000000ca780000, 0x00000000eaa80000)
  object space 171520K, 47% used [0x00000000c0000000,0x00000000c4ffe678,0x00000000ca780000)
 PSPermGen       total 21504K, used 5591K [0x00000000bae00000, 0x00000000bc300000, 0x00000000c0000000)
  object space 21504K, 26% used [0x00000000bae00000,0x00000000bb375f90,0x00000000bc300000)
}

